# JRE version: Java(TM) SE Runtime Environment (8.0_25-b17) (build 1.8.0_25-b17)
# Java VM: Java HotSpot(TM) 64-Bit Server VM (25.25-b02 mixed mode linux-amd64 compressed oops)
Heap:
 PSYoungGen      total 205312K, used 118118K [0x0000000781700000, 0x000000079a900000, 0x00000007c0000000)
  eden space 194560K, 58% used [0x0000000781700000,0x00000007885c9860,0x000000078d500000)
  from space 10752K, 43% used [0x000000078d500000,0x000000078d990010,0x000000078df80000)
  to   space 11264K, 0% used [0x0000000799e00000,0x0000000799e00000,0x000000079a900000)
 ParOldGen       total 128512K, used 9149K [0x0000000704400000, 0x000000070c180000, 0x0000000781700000)
  object space 128512K, 7% used [0x0000000704400000,0x0000000704cef6a8,0x000000070c180000)
 Metaspace       used 17829K, capacity 18352K, committed 18688K, reserved 1064960K
  class space    used 2022K, capacity 2212K, committed 2304K, reserved 1048576K
GC Heap History (10 events):
Event: 2.798 GC heap before
{Heap before GC invocations=3 (full 0):
 PSYoungGen      total 56320K, used 56292K [0x0000000781700000, 0x0000000788500000, 0x00000007c0000000)
  eden space 48640K, 100% used [0x0000000781700000,0x0000000784680000,0x0000000784680000)
  from space 7680K, 99% used [0x0000000784e00000,0x00000007855793b8,0x0000000785580000)
  to   space 7680K, 0% used [0x0000000784680000,0x0000000784680000,0x0000000784e00000)
 ParOldGen       total 128512K, used 24K [0x0000000704400000, 0x000000070c180000, 0x0000000781700000)
  object space 128512K, 0% used [0x0000000704400000,0x0000000704406000,0x000000070c180000)
 Metaspace       used 13680K, capacity 13998K, committed 14080K, reserved 1060864K
  class space    used 1639K, capacity 1761K, committed 1792K, reserved 1048576K
Event: 2.810 GC heap after
Heap after GC invocations=3 (full 0):
 PSYoungGen      total 56320K, used 7652K [0x0000000781700000, 0x0000000788500000, 0x00000007c0000000)
  eden space 48640K, 0% used [0x0000000781700000,0x0000000781700000,0x0000000784680000)
  from space 7680K, 99% used [0x0000000784680000,0x0000000784df9010,0x0000000784e00000)
  to   space 7680K, 0% used [0x0000000787d80000,0x0000000787d80000,0x0000000788500000)
 ParOldGen       total 128512K, used 390K [0x0000000704400000, 0x000000070c180000, 0x0000000781700000)
  object space 128512K, 0% used [0x0000000704400000,0x0000000704461a80,0x000000070c180000)
 Metaspace       used 13680K, capacity 13998K, committed 14080K, reserved 1060864K
  class space    used 1639K, capacity 1761K, committed 1792K, reserved 1048576K
}
Event: 3.880 GC heap before
{Heap before GC invocations=4 (full 0):
 PSYoungGen      total 56320K, used 56292K [0x0000000781700000, 0x0000000788500000, 0x00000007c0000000)
  eden space 48640K, 100% used [0x0000000781700000,0x0000000784680000,0x0000000784680000)
  from space 7680K, 99% used [0x0000000784680000,0x0000000784df9010,0x0000000784e00000)
  to   space 7680K, 0% used [0x0000000787d80000,0x0000000787d80000,0x0000000788500000)
 ParOldGen       total 128512K, used 390K [0x0000000704400000, 0x000000070c180000, 0x0000000781700000)
  object space 128512K, 0% used [0x0000000704400000,0x0000000704461a80,0x000000070c180000)
 Metaspace       used 15652K, capacity 16104K, committed 16384K, reserved 1062912K
  class space    used 1832K, capacity 2003K, committed 2048K, reserved 1048576K
Event: 3.907 GC heap after
Heap after GC invocations=4 (full 0):
 PSYoungGen      total 104960K, used 7648K [0x0000000781700000, 0x0000000788500000, 0x00000007c0000000)
  eden space 97280K, 0% used [0x0000000781700000,0x0000000781700000,0x0000000787600000)
  from space 7680K, 99% used [0x0000000787d80000,0x00000007884f8040,0x0000000788500000)
  to   space 7680K, 0% used [0x0000000787600000,0x0000000787600000,0x0000000787d80000)
 ParOldGen       total 128512K, used 2550K [0x0000000704400000, 0x000000070c180000, 0x0000000781700000)
  object space 128512K, 1% used [0x0000000704400000,0x000000070467dae8,0x000000070c180000)
 Metaspace       used 15652K, capacity 16104K, committed 16384K, reserved 1062912K
  class space    used 1832K, capacity 2003K, committed 2048K, reserved 1048576K
}
Event: 4.771 GC heap before
{Heap before GC invocations=5 (full 0):
 PSYoungGen      total 104960K, used 104928K [0x0000000781700000, 0x0000000788500000, 0x00000007c0000000)
  eden space 97280K, 100% used [0x0000000781700000,0x0000000787600000,0x0000000787600000)
  from space 7680K, 99% used [0x0000000787d80000,0x00000007884f8040,0x0000000788500000)
  to   space 7680K, 0% used [0x0000000787600000,0x0000000787600000,0x0000000787d80000)
 ParOldGen       total 128512K, used 2550K [0x0000000704400000, 0x000000070c180000, 0x0000000781700000)
  object space 128512K, 1% used [0x0000000704400000,0x000000070467dae8,0x000000070c180000)
 Metaspace       used 17103K, capacity 17598K, committed 17792K, reserved 1064960K
  class space    used 1957K, capacity 2112K, committed 2176K, reserved 1048576K
Event: 4.788 GC heap after
Heap after GC invocations=5 (full 0):
 PSYoungGen      total 104960K, used 7664K [0x0000000781700000, 0x000000078eb00000, 0x00000007c0000000)
  eden space 97280K, 0% used [0x0000000781700000,0x0000000781700000,0x0000000787600000)
  from space 7680K, 99% used [0x0000000787600000,0x0000000787d7c010,0x0000000787d80000)
  to   space 11264K, 0% used [0x000000078e000000,0x000000078e000000,0x000000078eb00000)
 ParOldGen       total 128512K, used 4735K [0x0000000704400000, 0x000000070c180000, 0x0000000781700000)
  object space 128512K, 3% used [0x0000000704400000,0x000000070489fe18,0x000000070c180000)
 Metaspace       used 17103K, capacity 17598K, committed 17792K, reserved 1064960K
  class space    used 1957K, capacity 2112K, committed 2176K, reserved 1048576K
}
Event: 5.142 GC heap before
{Heap before GC invocations=6 (full 0):
 PSYoungGen      total 104960K, used 104944K [0x0000000781700000, 0x000000078eb00000, 0x00000007c0000000)
  eden space 97280K, 100% used [0x0000000781700000,0x0000000787600000,0x0000000787600000)
  from space 7680K, 99% used [0x0000000787600000,0x0000000787d7c010,0x0000000787d80000)
  to   space 11264K, 0% used [0x000000078e000000,0x000000078e000000,0x000000078eb00000)
 ParOldGen       total 128512K, used 4735K [0x0000000704400000, 0x000000070c180000, 0x0000000781700000)
  object space 128512K, 3% used [0x0000000704400000,0x000000070489fe18,0x000000070c180000)
 Metaspace       used 17505K, capacity 17968K, committed 18048K, reserved 1064960K
  class space    used 1995K, capacity 2148K, committed 2176K, reserved 1048576K
Event: 5.164 GC heap after
Heap after GC invocations=6 (full 0):
 PSYoungGen      total 204800K, used 8430K [0x0000000781700000, 0x000000078ea00000, 0x00000007c0000000)
  eden space 194560K, 0% used [0x0000000781700000,0x0000000781700000,0x000000078d500000)
  from space 10240K, 82% used [0x000000078e000000,0x000000078e83bad0,0x000000078ea00000)
  to   space 10752K, 0% used [0x000000078d500000,0x000000078d500000,0x000000078df80000)
 ParOldGen       total 128512K, used 4743K [0x0000000704400000, 0x000000070c180000, 0x0000000781700000)
  object space 128512K, 3% used [0x0000000704400000,0x00000007048a1e18,0x000000070c180000)
 Metaspace       used 17505K, capacity 17968K, committed 18048K, reserved 1064960K
  class space    used 1995K, capacity 2148K, committed 2176K, reserved 1048576K
}
Event: 5.461 GC heap before
{Heap before GC invocations=7 (full 0):
 PSYoungGen      total 204800K, used 202990K [0x0000000781700000, 0x000000078ea00000, 0x00000007c0000000)
  eden space 194560K, 100% used [0x0000000781700000,0x000000078d500000,0x000000078d500000)
  from space 10240K, 82% used [0x000000078e000000,0x000000078e83bad0,0x000000078ea00000)
  to   space 10752K, 0% used [0x000000078d500000,0x000000078d500000,0x000000078df80000)
 ParOldGen       total 128512K, used 4743K [0x0000000704400000, 0x000000070c180000, 0x0000000781700000)
  object space 128512K, 3% used [0x0000000704400000,0x00000007048a1e18,0x000000070c180000)
 Metaspace       used 17530K, capacity 18032K, committed 18304K, reserved 1064960K
  class space    used 1995K, capacity 2148K, committed 2176K, reserved 1048576K
Event: 5.484 GC heap after
Heap after GC invocations=7 (full 0):
 PSYoungGen      total 205312K, used 4672K [0x0000000781700000, 0x000000079a900000, 0x00000007c0000000)
  eden space 194560K, 0% used [0x0000000781700000,0x0000000781700000,0x000000078d500000)
  from space 10752K, 43% used [0x000000078d500000,0x000000078d990010,0x000000078df80000)
  to   space 11264K, 0% used [0x0000000799e00000,0x0000000799e00000,0x000000079a900000)
 ParOldGen       total 128512K, used 9149K [0x0000000704400000, 0x000000070c180000, 0x0000000781700000)
  object space 128512K, 7% used [0x0000000704400000,0x0000000704cef6a8,0x000000070c180000)
 Metaspace       used 17530K, capacity 18032K, committed 18304K, reserved 1064960K
  class space    used 1995K, capacity 2148K, committed 2176K, reserved 1048576K
}

